<?xml version="1.0" encoding="UTF-8"?>

<persistence
    xmlns="http://xmlns.jcp.org/xml/ns/persistence" xmlns:xsi="http://www.w3.org/2001/XMLSchema-instance"
    xsi:schemaLocation="http://xmlns.jcp.org/xml/ns/persistence http://xmlns.jcp.org/xml/ns/persistence/persistence_2_1.xsd"
    version="2.1">

  <persistence-unit name="test">
    <jta-data-source>jdbc/derby-test</jta-data-source>

    <properties>
      <property name="eclipselink.ddl-generation" value="create-tables" />

      <property name="eclipselink.ddl-generation.output-mode" value="both" />
      <property name="eclipselink.application-location" value="target/"/>
      <property name="eclipselink.create-ddl-jdbc-file-name" value="create-gambol-schema.sql" />

      <property name="eclipselink.logging.level.sql" value="FINE" />
      <property name="eclipselink.logging.parameters" value="true" />
    </properties>
  </persistence-unit>

</persistence>
